<?xml version="1.0" encoding="UTF-8"?>
<!-- Generated by org.testng.reporters.JUnitReportReporter -->
<testsuite hostname="AnandKumbhalkar" failures="0" tests="1" name="practice.NewTest1" time="4.467" errors="0" timestamp="2023-12-05T17:41:03 IST" skipped="0">
  <testcase classname="practice.NewTest1" name="f" time="4.467"/>
</testsuite> <!-- practice.NewTest1 -->
