<?xml version="1.0" encoding="UTF-8"?>
<!-- Generated by org.testng.reporters.JUnitReportReporter -->
<testsuite hostname="AnandKumbhalkar" failures="0" tests="1" name="practice.NewTest" time="4.070" errors="0" timestamp="2023-12-22T23:16:36 IST" skipped="0">
  <testcase classname="practice.NewTest" name="f" time="4.070"/>
</testsuite> <!-- practice.NewTest -->
