<?xml version="1.0" encoding="UTF-8"?>
<!-- Generated by org.testng.reporters.JUnitReportReporter -->
<testsuite hostname="AnandKumbhalkar" failures="0" tests="1" name="practice.Test2" time="4.200" errors="0" timestamp="2023-12-05T17:53:14 IST" skipped="0">
  <testcase classname="practice.Test2" name="f" time="4.200"/>
</testsuite> <!-- practice.Test2 -->
