<?xml version="1.0" encoding="UTF-8"?>
<!-- Generated by org.testng.reporters.JUnitReportReporter -->
<testsuite hostname="AnandKumbhalkar" failures="0" tests="1" name="practice.NewTest" time="5.768" errors="0" timestamp="2023-12-07T16:52:08 IST" skipped="0">
  <testcase classname="practice.NewTest" name="f" time="5.768"/>
</testsuite> <!-- practice.NewTest -->
